mktextfm A/OT
mktextfm A/OT
mktextfm A/OT
mktextfm A/I/OT
mktextfm A/OT
mktextfm A/BI/OT
mktextfm A/OT
mktextfm A/I/OT
mktextfm A/OT
mktextfm A/OT
mktextfm A/OT
mktextfm A/OT
mktextfm A/OT
mktextfm A/OT
mktextfm A/OT
mktextfm A/I/OT
mktextfm A/OT
mktextfm A/BI/OT
mktextfm A/OT
mktextfm A/I/OT
mktextfm A/OT
mktextfm A/OT
mktextfm A/OT
mktextfm A/OT
mktextfm fang
mktextfm fang
mktextfm fang
mktextfm fang/BI
mktextfm fang
mktextfm fang/B
mktextfm fang
mktextfm fang/I
mktextfm fang
mktextfm fang
mktextfm fang
mktextfm fang
